# JRE version: Java(TM) SE Runtime Environment (15.0.2+7) (build 15.0.2+7-27)
# Java VM: Java HotSpot(TM) 64-Bit Server VM (15.0.2+7-27, mixed mode, sharing, tiered, compressed oops, g1 gc, windows-amd64)
GC Precious Log:
 CPUs: 4 total, 4 available
 Memory: 16269M
 Large Page Support: Disabled
 NUMA Support: Disabled
 Compressed Oops: Enabled (32-bit)
 Heap Region Size: 1M
 Heap Min Capacity: 8M
 Heap Initial Capacity: 256M
 Heap Max Capacity: 1G
 Pre-touch: Disabled
 Parallel Workers: 4
 Concurrent Workers: 1
 Concurrent Refinement Workers: 4
 Periodic GC: Disabled
Heap:
 garbage-first heap   total 362496K, used 215021K [0x00000000c0000000, 0x0000000100000000)
  region size 1024K, 38 young (38912K), 8 survivors (8192K)
 Metaspace       used 93401K, capacity 94708K, committed 94896K, reserved 1132544K
  class space    used 11802K, capacity 12184K, committed 12288K, reserved 1048576K
GC Heap History (20 events):
Event: 24.536 GC heap before
{Heap before GC invocations=52 (full 0):
 garbage-first heap   total 222208K, used 123568K [0x00000000c0000000, 0x0000000100000000)
  region size 1024K, 10 young (10240K), 3 survivors (3072K)
 Metaspace       used 81806K, capacity 82948K, committed 83248K, reserved 1122304K
  class space    used 10253K, capacity 10574K, committed 10624K, reserved 1048576K
}
Event: 24.544 GC heap after
{Heap after GC invocations=53 (full 0):
 garbage-first heap   total 222208K, used 98204K [0x00000000c0000000, 0x0000000100000000)
  region size 1024K, 1 young (1024K), 1 survivors (1024K)
 Metaspace       used 81806K, capacity 82948K, committed 83248K, reserved 1122304K
  class space    used 10253K, capacity 10574K, committed 10624K, reserved 1048576K
}
Event: 25.318 GC heap before
{Heap before GC invocations=53 (full 0):
 garbage-first heap   total 222208K, used 106396K [0x00000000c0000000, 0x0000000100000000)
  region size 1024K, 10 young (10240K), 1 survivors (1024K)
 Metaspace       used 82197K, capacity 83332K, committed 83632K, reserved 1122304K
  class space    used 10305K, capacity 10638K, committed 10752K, reserved 1048576K
}
Event: 25.337 GC heap after
{Heap after GC invocations=54 (full 0):
 garbage-first heap   total 222208K, used 88405K [0x00000000c0000000, 0x0000000100000000)
  region size 1024K, 1 young (1024K), 1 survivors (1024K)
 Metaspace       used 82197K, capacity 83332K, committed 83632K, reserved 1122304K
  class space    used 10305K, capacity 10638K, committed 10752K, reserved 1048576K
}
Event: 26.645 GC heap before
{Heap before GC invocations=54 (full 0):
 garbage-first heap   total 222208K, used 180565K [0x00000000c0000000, 0x0000000100000000)
  region size 1024K, 92 young (94208K), 1 survivors (1024K)
 Metaspace       used 86773K, capacity 88034K, committed 88240K, reserved 1126400K
  class space    used 10854K, capacity 11220K, committed 11264K, reserved 1048576K
}
Event: 26.656 GC heap after
{Heap after GC invocations=55 (full 0):
 garbage-first heap   total 222208K, used 93885K [0x00000000c0000000, 0x0000000100000000)
  region size 1024K, 7 young (7168K), 7 survivors (7168K)
 Metaspace       used 86773K, capacity 88034K, committed 88240K, reserved 1126400K
  class space    used 10854K, capacity 11220K, committed 11264K, reserved 1048576K
}
Event: 27.455 GC heap before
{Heap before GC invocations=55 (full 0):
 garbage-first heap   total 222208K, used 180925K [0x00000000c0000000, 0x0000000100000000)
  region size 1024K, 93 young (95232K), 7 survivors (7168K)
 Metaspace       used 87565K, capacity 88764K, committed 88880K, reserved 1126400K
  class space    used 10942K, capacity 11302K, committed 11392K, reserved 1048576K
}
Event: 27.468 GC heap after
{Heap after GC invocations=56 (full 0):
 garbage-first heap   total 222208K, used 99247K [0x00000000c0000000, 0x0000000100000000)
  region size 1024K, 11 young (11264K), 11 survivors (11264K)
 Metaspace       used 87565K, capacity 88764K, committed 88880K, reserved 1126400K
  class space    used 10942K, capacity 11302K, committed 11392K, reserved 1048576K
}
Event: 28.381 GC heap before
{Heap before GC invocations=56 (full 0):
 garbage-first heap   total 222208K, used 180143K [0x00000000c0000000, 0x0000000100000000)
  region size 1024K, 80 young (81920K), 11 survivors (11264K)
 Metaspace       used 87922K, capacity 89175K, committed 89392K, reserved 1128448K
  class space    used 10973K, capacity 11307K, committed 11392K, reserved 1048576K
}
Event: 28.394 GC heap after
{Heap after GC invocations=57 (full 0):
 garbage-first heap   total 222208K, used 116596K [0x00000000c0000000, 0x0000000100000000)
  region size 1024K, 7 young (7168K), 7 survivors (7168K)
 Metaspace       used 87922K, capacity 89175K, committed 89392K, reserved 1128448K
  class space    used 10973K, capacity 11307K, committed 11392K, reserved 1048576K
}
Event: 29.170 GC heap before
{Heap before GC invocations=58 (full 0):
 garbage-first heap   total 222208K, used 210804K [0x00000000c0000000, 0x0000000100000000)
  region size 1024K, 71 young (72704K), 7 survivors (7168K)
 Metaspace       used 91370K, capacity 92593K, committed 92720K, reserved 1130496K
  class space    used 11457K, capacity 11799K, committed 11904K, reserved 1048576K
}
Event: 29.187 GC heap after
{Heap after GC invocations=59 (full 0):
 garbage-first heap   total 235520K, used 147803K [0x00000000c0000000, 0x0000000100000000)
  region size 1024K, 9 young (9216K), 9 survivors (9216K)
 Metaspace       used 91370K, capacity 92593K, committed 92720K, reserved 1130496K
  class space    used 11457K, capacity 11799K, committed 11904K, reserved 1048576K
}
Event: 29.212 GC heap before
{Heap before GC invocations=59 (full 0):
 garbage-first heap   total 235520K, used 149851K [0x00000000c0000000, 0x0000000100000000)
  region size 1024K, 11 young (11264K), 9 survivors (9216K)
 Metaspace       used 91375K, capacity 92657K, committed 92976K, reserved 1130496K
  class space    used 11457K, capacity 11799K, committed 11904K, reserved 1048576K
}
Event: 29.234 GC heap after
{Heap after GC invocations=60 (full 0):
 garbage-first heap   total 235520K, used 134779K [0x00000000c0000000, 0x0000000100000000)
  region size 1024K, 2 young (2048K), 2 survivors (2048K)
 Metaspace       used 91375K, capacity 92657K, committed 92976K, reserved 1130496K
  class space    used 11457K, capacity 11799K, committed 11904K, reserved 1048576K
}
Event: 29.378 GC heap before
{Heap before GC invocations=60 (full 0):
 garbage-first heap   total 235520K, used 153211K [0x00000000c0000000, 0x0000000100000000)
  region size 1024K, 22 young (22528K), 2 survivors (2048K)
 Metaspace       used 91438K, capacity 92721K, committed 92976K, reserved 1130496K
  class space    used 11457K, capacity 11799K, committed 11904K, reserved 1048576K
}
Event: 29.394 GC heap after
{Heap after GC invocations=61 (full 0):
 garbage-first heap   total 235520K, used 142317K [0x00000000c0000000, 0x0000000100000000)
  region size 1024K, 7 young (7168K), 7 survivors (7168K)
 Metaspace       used 91438K, capacity 92721K, committed 92976K, reserved 1130496K
  class space    used 11457K, capacity 11799K, committed 11904K, reserved 1048576K
}
Event: 29.971 GC heap before
{Heap before GC invocations=62 (full 0):
 garbage-first heap   total 278528K, used 184301K [0x00000000c0000000, 0x0000000100000000)
  region size 1024K, 47 young (48128K), 7 survivors (7168K)
 Metaspace       used 93159K, capacity 94484K, committed 94512K, reserved 1132544K
  class space    used 11799K, capacity 12152K, committed 12160K, reserved 1048576K
}
Event: 30.004 GC heap after
{Heap after GC invocations=63 (full 0):
 garbage-first heap   total 278528K, used 156448K [0x00000000c0000000, 0x0000000100000000)
  region size 1024K, 6 young (6144K), 6 survivors (6144K)
 Metaspace       used 93159K, capacity 94484K, committed 94512K, reserved 1132544K
  class space    used 11799K, capacity 12152K, committed 12160K, reserved 1048576K
}
Event: 30.406 GC heap before
{Heap before GC invocations=63 (full 0):
 garbage-first heap   total 278528K, used 210720K [0x00000000c0000000, 0x0000000100000000)
  region size 1024K, 60 young (61440K), 6 survivors (6144K)
 Metaspace       used 93396K, capacity 94708K, committed 94896K, reserved 1132544K
  class space    used 11802K, capacity 12184K, committed 12288K, reserved 1048576K
}
Event: 30.459 GC heap after
{Heap after GC invocations=64 (full 0):
 garbage-first heap   total 278528K, used 186349K [0x00000000c0000000, 0x0000000100000000)
  region size 1024K, 8 young (8192K), 8 survivors (8192K)
 Metaspace       used 93396K, capacity 94708K, committed 94896K, reserved 1132544K
  class space    used 11802K, capacity 12184K, committed 12288K, reserved 1048576K
}

