# JRE version: Java(TM) SE Runtime Environment (15.0.2+7) (build 15.0.2+7-27)
# Java VM: Java HotSpot(TM) 64-Bit Server VM (15.0.2+7-27, mixed mode, sharing, tiered, compressed oops, g1 gc, windows-amd64)
GC Precious Log:
 CPUs: 4 total, 4 available
 Memory: 16269M
 Large Page Support: Disabled
 NUMA Support: Disabled
 Compressed Oops: Enabled (32-bit)
 Heap Region Size: 1M
 Heap Min Capacity: 8M
 Heap Initial Capacity: 256M
 Heap Max Capacity: 1G
 Pre-touch: Disabled
 Parallel Workers: 4
 Concurrent Workers: 1
 Concurrent Refinement Workers: 4
 Periodic GC: Disabled
Heap:
 garbage-first heap   total 389120K, used 232448K [0x00000000c0000000, 0x0000000100000000)
  region size 1024K, 13 young (13312K), 4 survivors (4096K)
 Metaspace       used 93444K, capacity 94672K, committed 94768K, reserved 1132544K
  class space    used 11798K, capacity 12152K, committed 12160K, reserved 1048576K
GC Heap History (20 events):
Event: 22.303 GC heap before
{Heap before GC invocations=47 (full 0):
 garbage-first heap   total 225280K, used 174424K [0x00000000c0000000, 0x0000000100000000)
  region size 1024K, 80 young (81920K), 5 survivors (5120K)
 Metaspace       used 86886K, capacity 88098K, committed 88240K, reserved 1126400K
  class space    used 10858K, capacity 11220K, committed 11264K, reserved 1048576K
}
Event: 22.322 GC heap after
{Heap after GC invocations=48 (full 0):
 garbage-first heap   total 225280K, used 103415K [0x00000000c0000000, 0x0000000100000000)
  region size 1024K, 10 young (10240K), 10 survivors (10240K)
 Metaspace       used 86886K, capacity 88098K, committed 88240K, reserved 1126400K
  class space    used 10858K, capacity 11220K, committed 11264K, reserved 1048576K
}
Event: 23.099 GC heap before
{Heap before GC invocations=48 (full 0):
 garbage-first heap   total 225280K, used 178167K [0x00000000c0000000, 0x0000000100000000)
  region size 1024K, 84 young (86016K), 10 survivors (10240K)
 Metaspace       used 87866K, capacity 89035K, committed 89136K, reserved 1126400K
  class space    used 10971K, capacity 11318K, committed 11392K, reserved 1048576K
}
Event: 23.116 GC heap after
{Heap after GC invocations=49 (full 0):
 garbage-first heap   total 225280K, used 106982K [0x00000000c0000000, 0x0000000100000000)
  region size 1024K, 9 young (9216K), 9 survivors (9216K)
 Metaspace       used 87866K, capacity 89035K, committed 89136K, reserved 1126400K
  class space    used 10971K, capacity 11318K, committed 11392K, reserved 1048576K
}
Event: 23.591 GC heap before
{Heap before GC invocations=49 (full 0):
 garbage-first heap   total 225280K, used 157158K [0x00000000c0000000, 0x0000000100000000)
  region size 1024K, 58 young (59392K), 9 survivors (9216K)
 Metaspace       used 88147K, capacity 89411K, committed 89648K, reserved 1128448K
  class space    used 10996K, capacity 11354K, committed 11392K, reserved 1048576K
}
Event: 23.606 GC heap after
{Heap after GC invocations=50 (full 0):
 garbage-first heap   total 225280K, used 112459K [0x00000000c0000000, 0x0000000100000000)
  region size 1024K, 9 young (9216K), 9 survivors (9216K)
 Metaspace       used 88147K, capacity 89411K, committed 89648K, reserved 1128448K
  class space    used 10996K, capacity 11354K, committed 11392K, reserved 1048576K
}
Event: 24.366 GC heap before
{Heap before GC invocations=51 (full 0):
 garbage-first heap   total 225280K, used 214859K [0x00000000c0000000, 0x0000000100000000)
  region size 1024K, 79 young (80896K), 9 survivors (9216K)
 Metaspace       used 90645K, capacity 91866K, committed 92080K, reserved 1130496K
  class space    used 11345K, capacity 11691K, committed 11776K, reserved 1048576K
}
Event: 24.387 GC heap after
{Heap after GC invocations=52 (full 0):
 garbage-first heap   total 243712K, used 147804K [0x00000000c0000000, 0x0000000100000000)
  region size 1024K, 10 young (10240K), 10 survivors (10240K)
 Metaspace       used 90645K, capacity 91866K, committed 92080K, reserved 1130496K
  class space    used 11345K, capacity 11691K, committed 11776K, reserved 1048576K
}
Event: 24.405 GC heap before
{Heap before GC invocations=52 (full 0):
 garbage-first heap   total 243712K, used 148828K [0x00000000c0000000, 0x0000000100000000)
  region size 1024K, 11 young (11264K), 10 survivors (10240K)
 Metaspace       used 90645K, capacity 91866K, committed 92080K, reserved 1130496K
  class space    used 11345K, capacity 11691K, committed 11776K, reserved 1048576K
}
Event: 24.436 GC heap after
{Heap after GC invocations=53 (full 0):
 garbage-first heap   total 243712K, used 133902K [0x00000000c0000000, 0x0000000100000000)
  region size 1024K, 2 young (2048K), 2 survivors (2048K)
 Metaspace       used 90645K, capacity 91866K, committed 92080K, reserved 1130496K
  class space    used 11345K, capacity 11691K, committed 11776K, reserved 1048576K
}
Event: 24.921 GC heap before
{Heap before GC invocations=53 (full 0):
 garbage-first heap   total 243712K, used 195342K [0x00000000c0000000, 0x0000000100000000)
  region size 1024K, 61 young (62464K), 2 survivors (2048K)
 Metaspace       used 91404K, capacity 92650K, committed 92976K, reserved 1130496K
  class space    used 11441K, capacity 11798K, committed 11904K, reserved 1048576K
}
Event: 24.948 GC heap after
{Heap after GC invocations=54 (full 0):
 garbage-first heap   total 243712K, used 153088K [0x00000000c0000000, 0x0000000100000000)
  region size 1024K, 8 young (8192K), 8 survivors (8192K)
 Metaspace       used 91404K, capacity 92650K, committed 92976K, reserved 1130496K
  class space    used 11441K, capacity 11798K, committed 11904K, reserved 1048576K
}
Event: 25.744 GC heap before
{Heap before GC invocations=55 (full 0):
 garbage-first heap   total 285696K, used 190976K [0x00000000c0000000, 0x0000000100000000)
  region size 1024K, 45 young (46080K), 8 survivors (8192K)
 Metaspace       used 93303K, capacity 94544K, committed 94768K, reserved 1132544K
  class space    used 11797K, capacity 12152K, committed 12160K, reserved 1048576K
}
Event: 25.778 GC heap after
{Heap after GC invocations=56 (full 0):
 garbage-first heap   total 285696K, used 164864K [0x00000000c0000000, 0x0000000100000000)
  region size 1024K, 6 young (6144K), 6 survivors (6144K)
 Metaspace       used 93303K, capacity 94544K, committed 94768K, reserved 1132544K
  class space    used 11797K, capacity 12152K, committed 12160K, reserved 1048576K
}
Event: 26.219 GC heap before
{Heap before GC invocations=56 (full 0):
 garbage-first heap   total 285696K, used 219136K [0x00000000c0000000, 0x0000000100000000)
  region size 1024K, 59 young (60416K), 6 survivors (6144K)
 Metaspace       used 93385K, capacity 94608K, committed 94768K, reserved 1132544K
  class space    used 11798K, capacity 12152K, committed 12160K, reserved 1048576K
}
Event: 26.267 GC heap after
{Heap after GC invocations=57 (full 0):
 garbage-first heap   total 285696K, used 195072K [0x00000000c0000000, 0x0000000100000000)
  region size 1024K, 8 young (8192K), 8 survivors (8192K)
 Metaspace       used 93385K, capacity 94608K, committed 94768K, reserved 1132544K
  class space    used 11798K, capacity 12152K, committed 12160K, reserved 1048576K
}
Event: 26.549 GC heap before
{Heap before GC invocations=57 (full 0):
 garbage-first heap   total 285696K, used 225792K [0x00000000c0000000, 0x0000000100000000)
  region size 1024K, 39 young (39936K), 8 survivors (8192K)
 Metaspace       used 93400K, capacity 94672K, committed 94768K, reserved 1132544K
  class space    used 11798K, capacity 12152K, committed 12160K, reserved 1048576K
}
Event: 26.602 GC heap after
{Heap after GC invocations=58 (full 0):
 garbage-first heap   total 285696K, used 212480K [0x00000000c0000000, 0x0000000100000000)
  region size 1024K, 5 young (5120K), 5 survivors (5120K)
 Metaspace       used 93400K, capacity 94672K, committed 94768K, reserved 1132544K
  class space    used 11798K, capacity 12152K, committed 12160K, reserved 1048576K
}
Event: 26.958 GC heap before
{Heap before GC invocations=58 (full 0):
 garbage-first heap   total 285696K, used 231936K [0x00000000c0000000, 0x0000000100000000)
  region size 1024K, 25 young (25600K), 5 survivors (5120K)
 Metaspace       used 93444K, capacity 94672K, committed 94768K, reserved 1132544K
  class space    used 11798K, capacity 12152K, committed 12160K, reserved 1048576K
}
Event: 26.999 GC heap after
{Heap after GC invocations=59 (full 0):
 garbage-first heap   total 316416K, used 224256K [0x00000000c0000000, 0x0000000100000000)
  region size 1024K, 4 young (4096K), 4 survivors (4096K)
 Metaspace       used 93444K, capacity 94672K, committed 94768K, reserved 1132544K
  class space    used 11798K, capacity 12152K, committed 12160K, reserved 1048576K
}

