# JRE version: Java(TM) SE Runtime Environment (15.0.2+7) (build 15.0.2+7-27)
# Java VM: Java HotSpot(TM) 64-Bit Server VM (15.0.2+7-27, mixed mode, sharing, tiered, compressed oops, g1 gc, windows-amd64)
GC Precious Log:
 CPUs: 4 total, 4 available
 Memory: 16269M
 Large Page Support: Disabled
 NUMA Support: Disabled
 Compressed Oops: Enabled (32-bit)
 Heap Region Size: 1M
 Heap Min Capacity: 8M
 Heap Initial Capacity: 256M
 Heap Max Capacity: 1G
 Pre-touch: Disabled
 Parallel Workers: 4
 Concurrent Workers: 1
 Concurrent Refinement Workers: 4
 Periodic GC: Disabled
Heap:
 garbage-first heap   total 343040K, used 256436K [0x00000000c0000000, 0x0000000100000000)
  region size 1024K, 27 young (27648K), 6 survivors (6144K)
 Metaspace       used 99307K, capacity 100582K, committed 100784K, reserved 1136640K
  class space    used 12396K, capacity 12758K, committed 12800K, reserved 1048576K
GC Heap History (20 events):
Event: 30.645 GC heap before
{Heap before GC invocations=52 (full 0):
 garbage-first heap   total 235520K, used 192199K [0x00000000c0000000, 0x0000000100000000)
  region size 1024K, 98 young (100352K), 11 survivors (11264K)
 Metaspace       used 91387K, capacity 92664K, committed 92976K, reserved 1130496K
  class space    used 11221K, capacity 11552K, committed 11648K, reserved 1048576K
}
Event: 30.661 GC heap after
{Heap after GC invocations=53 (full 0):
 garbage-first heap   total 235520K, used 106339K [0x00000000c0000000, 0x0000000100000000)
  region size 1024K, 9 young (9216K), 9 survivors (9216K)
 Metaspace       used 91387K, capacity 92664K, committed 92976K, reserved 1130496K
  class space    used 11221K, capacity 11552K, committed 11648K, reserved 1048576K
}
Event: 31.203 GC heap before
{Heap before GC invocations=53 (full 0):
 garbage-first heap   total 235520K, used 146275K [0x00000000c0000000, 0x0000000100000000)
  region size 1024K, 42 young (43008K), 9 survivors (9216K)
 Metaspace       used 93798K, capacity 95010K, committed 95280K, reserved 1132544K
  class space    used 11557K, capacity 11882K, committed 11904K, reserved 1048576K
}
Event: 31.214 GC heap after
{Heap after GC invocations=54 (full 0):
 garbage-first heap   total 235520K, used 120809K [0x00000000c0000000, 0x0000000100000000)
  region size 1024K, 11 young (11264K), 11 survivors (11264K)
 Metaspace       used 93798K, capacity 95010K, committed 95280K, reserved 1132544K
  class space    used 11557K, capacity 11882K, committed 11904K, reserved 1048576K
}
Event: 31.851 GC heap before
{Heap before GC invocations=55 (full 0):
 garbage-first heap   total 268288K, used 202729K [0x00000000c0000000, 0x0000000100000000)
  region size 1024K, 66 young (67584K), 11 survivors (11264K)
 Metaspace       used 94874K, capacity 96133K, committed 96304K, reserved 1134592K
  class space    used 11704K, capacity 12043K, committed 12160K, reserved 1048576K
}
Event: 31.877 GC heap after
{Heap after GC invocations=56 (full 0):
 garbage-first heap   total 268288K, used 154032K [0x00000000c0000000, 0x0000000100000000)
  region size 1024K, 9 young (9216K), 9 survivors (9216K)
 Metaspace       used 94874K, capacity 96133K, committed 96304K, reserved 1134592K
  class space    used 11704K, capacity 12043K, committed 12160K, reserved 1048576K
}
Event: 31.902 GC heap before
{Heap before GC invocations=56 (full 0):
 garbage-first heap   total 268288K, used 158128K [0x00000000c0000000, 0x0000000100000000)
  region size 1024K, 13 young (13312K), 9 survivors (9216K)
 Metaspace       used 94874K, capacity 96133K, committed 96304K, reserved 1134592K
  class space    used 11704K, capacity 12043K, committed 12160K, reserved 1048576K
}
Event: 31.943 GC heap after
{Heap after GC invocations=57 (full 0):
 garbage-first heap   total 268288K, used 143348K [0x00000000c0000000, 0x0000000100000000)
  region size 1024K, 2 young (2048K), 2 survivors (2048K)
 Metaspace       used 94874K, capacity 96133K, committed 96304K, reserved 1134592K
  class space    used 11704K, capacity 12043K, committed 12160K, reserved 1048576K
}
Event: 32.362 GC heap before
{Heap before GC invocations=57 (full 0):
 garbage-first heap   total 268288K, used 200692K [0x00000000c0000000, 0x0000000100000000)
  region size 1024K, 58 young (59392K), 2 survivors (2048K)
 Metaspace       used 96757K, capacity 97992K, committed 98096K, reserved 1134592K
  class space    used 12048K, capacity 12364K, committed 12416K, reserved 1048576K
}
Event: 32.394 GC heap after
{Heap after GC invocations=58 (full 0):
 garbage-first heap   total 268288K, used 166400K [0x00000000c0000000, 0x0000000100000000)
  region size 1024K, 8 young (8192K), 8 survivors (8192K)
 Metaspace       used 96757K, capacity 97992K, committed 98096K, reserved 1134592K
  class space    used 12048K, capacity 12364K, committed 12416K, reserved 1048576K
}
Event: 32.934 GC heap before
{Heap before GC invocations=59 (full 0):
 garbage-first heap   total 304128K, used 204288K [0x00000000c0000000, 0x0000000100000000)
  region size 1024K, 46 young (47104K), 8 survivors (8192K)
 Metaspace       used 96826K, capacity 98056K, committed 98352K, reserved 1134592K
  class space    used 12048K, capacity 12364K, committed 12416K, reserved 1048576K
}
Event: 32.986 GC heap after
{Heap after GC invocations=60 (full 0):
 garbage-first heap   total 304128K, used 187904K [0x00000000c0000000, 0x0000000100000000)
  region size 1024K, 6 young (6144K), 6 survivors (6144K)
 Metaspace       used 96826K, capacity 98056K, committed 98352K, reserved 1134592K
  class space    used 12048K, capacity 12364K, committed 12416K, reserved 1048576K
}
Event: 33.172 GC heap before
{Heap before GC invocations=60 (full 0):
 garbage-first heap   total 304128K, used 229888K [0x00000000c0000000, 0x0000000100000000)
  region size 1024K, 47 young (48128K), 6 survivors (6144K)
 Metaspace       used 96828K, capacity 98056K, committed 98352K, reserved 1134592K
  class space    used 12048K, capacity 12364K, committed 12416K, reserved 1048576K
}
Event: 33.231 GC heap after
{Heap after GC invocations=61 (full 0):
 garbage-first heap   total 304128K, used 211968K [0x00000000c0000000, 0x0000000100000000)
  region size 1024K, 6 young (6144K), 6 survivors (6144K)
 Metaspace       used 96828K, capacity 98056K, committed 98352K, reserved 1134592K
  class space    used 12048K, capacity 12364K, committed 12416K, reserved 1048576K
}
Event: 33.537 GC heap before
{Heap before GC invocations=61 (full 0):
 garbage-first heap   total 304128K, used 239616K [0x00000000c0000000, 0x0000000100000000)
  region size 1024K, 34 young (34816K), 6 survivors (6144K)
 Metaspace       used 98543K, capacity 99834K, committed 99888K, reserved 1136640K
  class space    used 12307K, capacity 12658K, committed 12672K, reserved 1048576K
}
Event: 33.574 GC heap after
{Heap after GC invocations=62 (full 0):
 garbage-first heap   total 304128K, used 222720K [0x00000000c0000000, 0x0000000100000000)
  region size 1024K, 5 young (5120K), 5 survivors (5120K)
 Metaspace       used 98543K, capacity 99834K, committed 99888K, reserved 1136640K
  class space    used 12307K, capacity 12658K, committed 12672K, reserved 1048576K
}
Event: 33.843 GC heap before
{Heap before GC invocations=62 (full 0):
 garbage-first heap   total 304128K, used 245248K [0x00000000c0000000, 0x0000000100000000)
  region size 1024K, 28 young (28672K), 5 survivors (5120K)
 Metaspace       used 98843K, capacity 100102K, committed 100272K, reserved 1136640K
  class space    used 12351K, capacity 12726K, committed 12800K, reserved 1048576K
}
Event: 33.864 GC heap after
{Heap after GC invocations=63 (full 0):
 garbage-first heap   total 343040K, used 228352K [0x00000000c0000000, 0x0000000100000000)
  region size 1024K, 4 young (4096K), 4 survivors (4096K)
 Metaspace       used 98843K, capacity 100102K, committed 100272K, reserved 1136640K
  class space    used 12351K, capacity 12726K, committed 12800K, reserved 1048576K
}
Event: 34.371 GC heap before
{Heap before GC invocations=63 (full 0):
 garbage-first heap   total 343040K, used 266240K [0x00000000c0000000, 0x0000000100000000)
  region size 1024K, 42 young (43008K), 4 survivors (4096K)
 Metaspace       used 99269K, capacity 100518K, committed 100784K, reserved 1136640K
  class space    used 12396K, capacity 12758K, committed 12800K, reserved 1048576K
}
Event: 34.396 GC heap after
{Heap after GC invocations=64 (full 0):
 garbage-first heap   total 343040K, used 234932K [0x00000000c0000000, 0x0000000100000000)
  region size 1024K, 6 young (6144K), 6 survivors (6144K)
 Metaspace       used 99269K, capacity 100518K, committed 100784K, reserved 1136640K
  class space    used 12396K, capacity 12758K, committed 12800K, reserved 1048576K
}

