# JRE version: Java(TM) SE Runtime Environment (15.0.2+7) (build 15.0.2+7-27)
# Java VM: Java HotSpot(TM) 64-Bit Server VM (15.0.2+7-27, mixed mode, sharing, tiered, compressed oops, g1 gc, windows-amd64)
GC Precious Log:
 CPUs: 4 total, 4 available
 Memory: 16269M
 Large Page Support: Disabled
 NUMA Support: Disabled
 Compressed Oops: Enabled (32-bit)
 Heap Region Size: 1M
 Heap Min Capacity: 8M
 Heap Initial Capacity: 256M
 Heap Max Capacity: 1G
 Pre-touch: Disabled
 Parallel Workers: 4
 Concurrent Workers: 1
 Concurrent Refinement Workers: 4
 Periodic GC: Disabled
Heap:
 garbage-first heap   total 413696K, used 256647K [0x00000000c0000000, 0x0000000100000000)
  region size 1024K, 25 young (25600K), 2 survivors (2048K)
 Metaspace       used 86198K, capacity 87340K, committed 87600K, reserved 1126400K
  class space    used 11256K, capacity 11581K, committed 11648K, reserved 1048576K
GC Heap History (20 events):
Event: 22.118 GC heap before
{Heap before GC invocations=49 (full 0):
 garbage-first heap   total 260096K, used 171512K [0x00000000c0000000, 0x0000000100000000)
  region size 1024K, 37 young (37888K), 8 survivors (8192K)
 Metaspace       used 80200K, capacity 81322K, committed 81456K, reserved 1120256K
  class space    used 10403K, capacity 10754K, committed 10880K, reserved 1048576K
}
Event: 22.141 GC heap after
{Heap after GC invocations=50 (full 0):
 garbage-first heap   total 260096K, used 150331K [0x00000000c0000000, 0x0000000100000000)
  region size 1024K, 7 young (7168K), 7 survivors (7168K)
 Metaspace       used 80200K, capacity 81322K, committed 81456K, reserved 1120256K
  class space    used 10403K, capacity 10754K, committed 10880K, reserved 1048576K
}
Event: 22.975 GC heap before
{Heap before GC invocations=51 (full 0):
 garbage-first heap   total 283648K, used 197435K [0x00000000c0000000, 0x0000000100000000)
  region size 1024K, 52 young (53248K), 7 survivors (7168K)
 Metaspace       used 82524K, capacity 83723K, committed 83888K, reserved 1122304K
  class space    used 10794K, capacity 11144K, committed 11264K, reserved 1048576K
}
Event: 23.008 GC heap after
{Heap after GC invocations=52 (full 0):
 garbage-first heap   total 283648K, used 166912K [0x00000000c0000000, 0x0000000100000000)
  region size 1024K, 7 young (7168K), 7 survivors (7168K)
 Metaspace       used 82524K, capacity 83723K, committed 83888K, reserved 1122304K
  class space    used 10794K, capacity 11144K, committed 11264K, reserved 1048576K
}
Event: 23.340 GC heap before
{Heap before GC invocations=52 (full 0):
 garbage-first heap   total 283648K, used 215040K [0x00000000c0000000, 0x0000000100000000)
  region size 1024K, 54 young (55296K), 7 survivors (7168K)
 Metaspace       used 82621K, capacity 83741K, committed 83888K, reserved 1122304K
  class space    used 10804K, capacity 11150K, committed 11264K, reserved 1048576K
}
Event: 23.398 GC heap after
{Heap after GC invocations=53 (full 0):
 garbage-first heap   total 283648K, used 194048K [0x00000000c0000000, 0x0000000100000000)
  region size 1024K, 7 young (7168K), 7 survivors (7168K)
 Metaspace       used 82621K, capacity 83741K, committed 83888K, reserved 1122304K
  class space    used 10804K, capacity 11150K, committed 11264K, reserved 1048576K
}
Event: 23.782 GC heap before
{Heap before GC invocations=53 (full 0):
 garbage-first heap   total 373760K, used 222720K [0x00000000c0000000, 0x0000000100000000)
  region size 1024K, 36 young (36864K), 7 survivors (7168K)
 Metaspace       used 82628K, capacity 83741K, committed 83888K, reserved 1122304K
  class space    used 10804K, capacity 11150K, committed 11264K, reserved 1048576K
}
Event: 23.843 GC heap after
{Heap after GC invocations=54 (full 0):
 garbage-first heap   total 373760K, used 210944K [0x00000000c0000000, 0x0000000100000000)
  region size 1024K, 5 young (5120K), 5 survivors (5120K)
 Metaspace       used 82628K, capacity 83741K, committed 83888K, reserved 1122304K
  class space    used 10804K, capacity 11150K, committed 11264K, reserved 1048576K
}
Event: 25.049 GC heap before
{Heap before GC invocations=55 (full 0):
 garbage-first heap   total 373760K, used 269312K [0x00000000c0000000, 0x0000000100000000)
  region size 1024K, 63 young (64512K), 5 survivors (5120K)
 Metaspace       used 84862K, capacity 86011K, committed 86192K, reserved 1124352K
  class space    used 11131K, capacity 11480K, committed 11520K, reserved 1048576K
}
Event: 25.086 GC heap after
{Heap after GC invocations=56 (full 0):
 garbage-first heap   total 373760K, used 231936K [0x00000000c0000000, 0x0000000100000000)
  region size 1024K, 8 young (8192K), 8 survivors (8192K)
 Metaspace       used 84862K, capacity 86011K, committed 86192K, reserved 1124352K
  class space    used 11131K, capacity 11480K, committed 11520K, reserved 1048576K
}
Event: 25.617 GC heap before
{Heap before GC invocations=56 (full 0):
 garbage-first heap   total 373760K, used 270848K [0x00000000c0000000, 0x0000000100000000)
  region size 1024K, 48 young (49152K), 8 survivors (8192K)
 Metaspace       used 85209K, capacity 86363K, committed 86448K, reserved 1124352K
  class space    used 11162K, capacity 11512K, committed 11520K, reserved 1048576K
}
Event: 25.644 GC heap after
{Heap after GC invocations=57 (full 0):
 garbage-first heap   total 406528K, used 237184K [0x00000000c0000000, 0x0000000100000000)
  region size 1024K, 5 young (5120K), 5 survivors (5120K)
 Metaspace       used 85209K, capacity 86363K, committed 86448K, reserved 1124352K
  class space    used 11162K, capacity 11512K, committed 11520K, reserved 1048576K
}
Event: 27.353 GC heap before
{Heap before GC invocations=58 (full 0):
 garbage-first heap   total 413696K, used 292480K [0x00000000c0000000, 0x0000000100000000)
  region size 1024K, 70 young (71680K), 5 survivors (5120K)
 Metaspace       used 85678K, capacity 86779K, committed 87088K, reserved 1124352K
  class space    used 11213K, capacity 11544K, committed 11648K, reserved 1048576K
}
Event: 27.377 GC heap after
{Heap after GC invocations=59 (full 0):
 garbage-first heap   total 413696K, used 235328K [0x00000000c0000000, 0x0000000100000000)
  region size 1024K, 9 young (9216K), 9 survivors (9216K)
 Metaspace       used 85678K, capacity 86779K, committed 87088K, reserved 1124352K
  class space    used 11213K, capacity 11544K, committed 11648K, reserved 1048576K
}
Event: 27.463 GC heap before
{Heap before GC invocations=59 (full 0):
 garbage-first heap   total 413696K, used 250688K [0x00000000c0000000, 0x0000000100000000)
  region size 1024K, 20 young (20480K), 9 survivors (9216K)
 Metaspace       used 85729K, capacity 86843K, committed 87088K, reserved 1124352K
  class space    used 11216K, capacity 11544K, committed 11648K, reserved 1048576K
}
Event: 27.525 GC heap after
{Heap after GC invocations=60 (full 0):
 garbage-first heap   total 413696K, used 224853K [0x00000000c0000000, 0x0000000100000000)
  region size 1024K, 3 young (3072K), 3 survivors (3072K)
 Metaspace       used 85729K, capacity 86843K, committed 87088K, reserved 1124352K
  class space    used 11216K, capacity 11544K, committed 11648K, reserved 1048576K
}
Event: 27.623 GC heap before
{Heap before GC invocations=60 (full 0):
 garbage-first heap   total 413696K, used 226901K [0x00000000c0000000, 0x0000000100000000)
  region size 1024K, 6 young (6144K), 3 survivors (3072K)
 Metaspace       used 85784K, capacity 86907K, committed 87088K, reserved 1124352K
  class space    used 11217K, capacity 11544K, committed 11648K, reserved 1048576K
}
Event: 27.630 GC heap after
{Heap after GC invocations=61 (full 0):
 garbage-first heap   total 413696K, used 223494K [0x00000000c0000000, 0x0000000100000000)
  region size 1024K, 2 young (2048K), 2 survivors (2048K)
 Metaspace       used 85784K, capacity 86907K, committed 87088K, reserved 1124352K
  class space    used 11217K, capacity 11544K, committed 11648K, reserved 1048576K
}
Event: 28.693 GC heap before
{Heap before GC invocations=62 (full 0):
 garbage-first heap   total 413696K, used 253190K [0x00000000c0000000, 0x0000000100000000)
  region size 1024K, 22 young (22528K), 2 survivors (2048K)
 Metaspace       used 86178K, capacity 87276K, committed 87344K, reserved 1124352K
  class space    used 11254K, capacity 11581K, committed 11648K, reserved 1048576K
}
Event: 28.697 GC heap after
{Heap after GC invocations=63 (full 0):
 garbage-first heap   total 413696K, used 232071K [0x00000000c0000000, 0x0000000100000000)
  region size 1024K, 2 young (2048K), 2 survivors (2048K)
 Metaspace       used 86178K, capacity 87276K, committed 87344K, reserved 1124352K
  class space    used 11254K, capacity 11581K, committed 11648K, reserved 1048576K
}

