# JRE version: Java(TM) SE Runtime Environment (15.0.2+7) (build 15.0.2+7-27)
# Java VM: Java HotSpot(TM) 64-Bit Server VM (15.0.2+7-27, mixed mode, sharing, tiered, compressed oops, g1 gc, windows-amd64)
GC Precious Log:
 CPUs: 4 total, 4 available
 Memory: 16269M
 Large Page Support: Disabled
 NUMA Support: Disabled
 Compressed Oops: Enabled (32-bit)
 Heap Region Size: 1M
 Heap Min Capacity: 8M
 Heap Initial Capacity: 256M
 Heap Max Capacity: 1G
 Pre-touch: Disabled
 Parallel Workers: 4
 Concurrent Workers: 1
 Concurrent Refinement Workers: 4
 Periodic GC: Disabled
Heap:
 garbage-first heap   total 414720K, used 267628K [0x00000000c0000000, 0x0000000100000000)
  region size 1024K, 44 young (45056K), 3 survivors (3072K)
 Metaspace       used 96255K, capacity 97563K, committed 97840K, reserved 1134592K
  class space    used 12185K, capacity 12580K, committed 12672K, reserved 1048576K
GC Heap History (20 events):
Event: 31.093 GC heap before
{Heap before GC invocations=53 (full 0):
 garbage-first heap   total 247808K, used 202657K [0x00000000c0000000, 0x0000000100000000)
  region size 1024K, 79 young (80896K), 13 survivors (13312K)
 Metaspace       used 90788K, capacity 92033K, committed 92336K, reserved 1130496K
  class space    used 11376K, capacity 11723K, committed 11776K, reserved 1048576K
}
Event: 31.116 GC heap after
{Heap after GC invocations=54 (full 0):
 garbage-first heap   total 247808K, used 143883K [0x00000000c0000000, 0x0000000100000000)
  region size 1024K, 10 young (10240K), 10 survivors (10240K)
 Metaspace       used 90788K, capacity 92033K, committed 92336K, reserved 1130496K
  class space    used 11376K, capacity 11723K, committed 11776K, reserved 1048576K
}
Event: 31.154 GC heap before
{Heap before GC invocations=54 (full 0):
 garbage-first heap   total 247808K, used 150027K [0x00000000c0000000, 0x0000000100000000)
  region size 1024K, 17 young (17408K), 10 survivors (10240K)
 Metaspace       used 90788K, capacity 92033K, committed 92336K, reserved 1130496K
  class space    used 11376K, capacity 11723K, committed 11776K, reserved 1048576K
}
Event: 31.174 GC heap after
{Heap after GC invocations=55 (full 0):
 garbage-first heap   total 247808K, used 147303K [0x00000000c0000000, 0x0000000100000000)
  region size 1024K, 3 young (3072K), 3 survivors (3072K)
 Metaspace       used 90788K, capacity 92033K, committed 92336K, reserved 1130496K
  class space    used 11376K, capacity 11723K, committed 11776K, reserved 1048576K
}
Event: 31.553 GC heap before
{Heap before GC invocations=56 (full 0):
 garbage-first heap   total 271360K, used 171879K [0x00000000c0000000, 0x0000000100000000)
  region size 1024K, 28 young (28672K), 3 survivors (3072K)
 Metaspace       used 90804K, capacity 92033K, committed 92336K, reserved 1130496K
  class space    used 11376K, capacity 11723K, committed 11776K, reserved 1048576K
}
Event: 31.573 GC heap after
{Heap after GC invocations=57 (full 0):
 garbage-first heap   total 271360K, used 154040K [0x00000000c0000000, 0x0000000100000000)
  region size 1024K, 7 young (7168K), 7 survivors (7168K)
 Metaspace       used 90804K, capacity 92033K, committed 92336K, reserved 1130496K
  class space    used 11376K, capacity 11723K, committed 11776K, reserved 1048576K
}
Event: 32.292 GC heap before
{Heap before GC invocations=58 (full 0):
 garbage-first heap   total 286720K, used 206264K [0x00000000c0000000, 0x0000000100000000)
  region size 1024K, 58 young (59392K), 7 survivors (7168K)
 Metaspace       used 93178K, capacity 94455K, committed 94512K, reserved 1132544K
  class space    used 11777K, capacity 12120K, committed 12160K, reserved 1048576K
}
Event: 32.328 GC heap after
{Heap after GC invocations=59 (full 0):
 garbage-first heap   total 286720K, used 172459K [0x00000000c0000000, 0x0000000100000000)
  region size 1024K, 8 young (8192K), 8 survivors (8192K)
 Metaspace       used 93178K, capacity 94455K, committed 94512K, reserved 1132544K
  class space    used 11777K, capacity 12120K, committed 12160K, reserved 1048576K
}
Event: 33.300 GC heap before
{Heap before GC invocations=59 (full 0):
 garbage-first heap   total 286720K, used 220587K [0x00000000c0000000, 0x0000000100000000)
  region size 1024K, 55 young (56320K), 8 survivors (8192K)
 Metaspace       used 93273K, capacity 94519K, committed 94768K, reserved 1132544K
  class space    used 11777K, capacity 12120K, committed 12160K, reserved 1048576K
}
Event: 33.347 GC heap after
{Heap after GC invocations=60 (full 0):
 garbage-first heap   total 286720K, used 197120K [0x00000000c0000000, 0x0000000100000000)
  region size 1024K, 7 young (7168K), 7 survivors (7168K)
 Metaspace       used 93273K, capacity 94519K, committed 94768K, reserved 1132544K
  class space    used 11777K, capacity 12120K, committed 12160K, reserved 1048576K
}
Event: 33.810 GC heap before
{Heap before GC invocations=60 (full 0):
 garbage-first heap   total 367616K, used 226816K [0x00000000c0000000, 0x0000000100000000)
  region size 1024K, 37 young (37888K), 7 survivors (7168K)
 Metaspace       used 93293K, capacity 94519K, committed 94768K, reserved 1132544K
  class space    used 11777K, capacity 12120K, committed 12160K, reserved 1048576K
}
Event: 33.878 GC heap after
{Heap after GC invocations=61 (full 0):
 garbage-first heap   total 367616K, used 215552K [0x00000000c0000000, 0x0000000100000000)
  region size 1024K, 5 young (5120K), 5 survivors (5120K)
 Metaspace       used 93293K, capacity 94519K, committed 94768K, reserved 1132544K
  class space    used 11777K, capacity 12120K, committed 12160K, reserved 1048576K
}
Event: 34.540 GC heap before
{Heap before GC invocations=62 (full 0):
 garbage-first heap   total 367616K, used 271872K [0x00000000c0000000, 0x0000000100000000)
  region size 1024K, 60 young (61440K), 5 survivors (5120K)
 Metaspace       used 95120K, capacity 96428K, committed 96560K, reserved 1134592K
  class space    used 12046K, capacity 12415K, committed 12416K, reserved 1048576K
}
Event: 34.576 GC heap after
{Heap after GC invocations=63 (full 0):
 garbage-first heap   total 367616K, used 237056K [0x00000000c0000000, 0x0000000100000000)
  region size 1024K, 8 young (8192K), 8 survivors (8192K)
 Metaspace       used 95120K, capacity 96428K, committed 96560K, reserved 1134592K
  class space    used 12046K, capacity 12415K, committed 12416K, reserved 1048576K
}
Event: 35.186 GC heap before
{Heap before GC invocations=63 (full 0):
 garbage-first heap   total 367616K, used 282112K [0x00000000c0000000, 0x0000000100000000)
  region size 1024K, 53 young (54272K), 8 survivors (8192K)
 Metaspace       used 95717K, capacity 96984K, committed 97200K, reserved 1134592K
  class space    used 12135K, capacity 12515K, committed 12544K, reserved 1048576K
}
Event: 35.216 GC heap after
{Heap after GC invocations=64 (full 0):
 garbage-first heap   total 367616K, used 244965K [0x00000000c0000000, 0x0000000100000000)
  region size 1024K, 7 young (7168K), 7 survivors (7168K)
 Metaspace       used 95717K, capacity 96984K, committed 97200K, reserved 1134592K
  class space    used 12135K, capacity 12515K, committed 12544K, reserved 1048576K
}
Event: 36.202 GC heap before
{Heap before GC invocations=65 (full 0):
 garbage-first heap   total 414720K, used 276709K [0x00000000c0000000, 0x0000000100000000)
  region size 1024K, 51 young (52224K), 7 survivors (7168K)
 Metaspace       used 95848K, capacity 97112K, committed 97200K, reserved 1134592K
  class space    used 12136K, capacity 12515K, committed 12544K, reserved 1048576K
}
Event: 36.232 GC heap after
{Heap after GC invocations=66 (full 0):
 garbage-first heap   total 414720K, used 240128K [0x00000000c0000000, 0x0000000100000000)
  region size 1024K, 7 young (7168K), 7 survivors (7168K)
 Metaspace       used 95848K, capacity 97112K, committed 97200K, reserved 1134592K
  class space    used 12136K, capacity 12515K, committed 12544K, reserved 1048576K
}
Event: 36.387 GC heap before
{Heap before GC invocations=66 (full 0):
 garbage-first heap   total 414720K, used 255488K [0x00000000c0000000, 0x0000000100000000)
  region size 1024K, 20 young (20480K), 7 survivors (7168K)
 Metaspace       used 95850K, capacity 97112K, committed 97200K, reserved 1134592K
  class space    used 12136K, capacity 12515K, committed 12544K, reserved 1048576K
}
Event: 36.447 GC heap after
{Heap after GC invocations=67 (full 0):
 garbage-first heap   total 414720K, used 227692K [0x00000000c0000000, 0x0000000100000000)
  region size 1024K, 3 young (3072K), 3 survivors (3072K)
 Metaspace       used 95850K, capacity 97112K, committed 97200K, reserved 1134592K
  class space    used 12136K, capacity 12515K, committed 12544K, reserved 1048576K
}

