# JRE version: Java(TM) SE Runtime Environment (15.0.2+7) (build 15.0.2+7-27)
# Java VM: Java HotSpot(TM) 64-Bit Server VM (15.0.2+7-27, mixed mode, sharing, tiered, compressed oops, g1 gc, windows-amd64)
GC Precious Log:
 CPUs: 4 total, 4 available
 Memory: 16269M
 Large Page Support: Disabled
 NUMA Support: Disabled
 Compressed Oops: Enabled (32-bit)
 Heap Region Size: 1M
 Heap Min Capacity: 8M
 Heap Initial Capacity: 256M
 Heap Max Capacity: 1G
 Pre-touch: Disabled
 Parallel Workers: 4
 Concurrent Workers: 1
 Concurrent Refinement Workers: 4
 Periodic GC: Disabled
Heap:
 garbage-first heap   total 377856K, used 235520K [0x00000000c0000000, 0x0000000100000000)
  region size 1024K, 10 young (10240K), 3 survivors (3072K)
 Metaspace       used 96702K, capacity 98019K, committed 98096K, reserved 1134592K
  class space    used 12026K, capacity 12396K, committed 12416K, reserved 1048576K
GC Heap History (20 events):
Event: 38.907 GC heap before
{Heap before GC invocations=50 (full 0):
 garbage-first heap   total 235520K, used 103018K [0x00000000c0000000, 0x0000000100000000)
  region size 1024K, 11 young (11264K), 3 survivors (3072K)
 Metaspace       used 86913K, capacity 88130K, committed 88368K, reserved 1126400K
  class space    used 10717K, capacity 11044K, committed 11136K, reserved 1048576K
}
Event: 38.920 GC heap after
{Heap after GC invocations=51 (full 0):
 garbage-first heap   total 235520K, used 79990K [0x00000000c0000000, 0x0000000100000000)
  region size 1024K, 1 young (1024K), 1 survivors (1024K)
 Metaspace       used 86913K, capacity 88130K, committed 88368K, reserved 1126400K
  class space    used 10717K, capacity 11044K, committed 11136K, reserved 1048576K
}
Event: 40.923 GC heap before
{Heap before GC invocations=51 (full 0):
 garbage-first heap   total 235520K, used 185462K [0x00000000c0000000, 0x0000000100000000)
  region size 1024K, 105 young (107520K), 1 survivors (1024K)
 Metaspace       used 90129K, capacity 91349K, committed 91568K, reserved 1130496K
  class space    used 11082K, capacity 11432K, committed 11520K, reserved 1048576K
}
Event: 40.937 GC heap after
{Heap after GC invocations=52 (full 0):
 garbage-first heap   total 235520K, used 86499K [0x00000000c0000000, 0x0000000100000000)
  region size 1024K, 7 young (7168K), 7 survivors (7168K)
 Metaspace       used 90129K, capacity 91349K, committed 91568K, reserved 1130496K
  class space    used 11082K, capacity 11432K, committed 11520K, reserved 1048576K
}
Event: 42.018 GC heap before
{Heap before GC invocations=52 (full 0):
 garbage-first heap   total 235520K, used 183779K [0x00000000c0000000, 0x0000000100000000)
  region size 1024K, 103 young (105472K), 7 survivors (7168K)
 Metaspace       used 91624K, capacity 92882K, committed 92976K, reserved 1130496K
  class space    used 11257K, capacity 11611K, committed 11648K, reserved 1048576K
}
Event: 42.031 GC heap after
{Heap after GC invocations=53 (full 0):
 garbage-first heap   total 235520K, used 93186K [0x00000000c0000000, 0x0000000100000000)
  region size 1024K, 9 young (9216K), 9 survivors (9216K)
 Metaspace       used 91624K, capacity 92882K, committed 92976K, reserved 1130496K
  class space    used 11257K, capacity 11611K, committed 11648K, reserved 1048576K
}
Event: 42.998 GC heap before
{Heap before GC invocations=53 (full 0):
 garbage-first heap   total 235520K, used 194562K [0x00000000c0000000, 0x0000000100000000)
  region size 1024K, 100 young (102400K), 9 survivors (9216K)
 Metaspace       used 92299K, capacity 93588K, committed 93872K, reserved 1132544K
  class space    used 11336K, capacity 11687K, committed 11776K, reserved 1048576K
}
Event: 43.011 GC heap after
{Heap after GC invocations=54 (full 0):
 garbage-first heap   total 235520K, used 109357K [0x00000000c0000000, 0x0000000100000000)
  region size 1024K, 8 young (8192K), 8 survivors (8192K)
 Metaspace       used 92299K, capacity 93588K, committed 93872K, reserved 1132544K
  class space    used 11336K, capacity 11687K, committed 11776K, reserved 1048576K
}
Event: 43.284 GC heap before
{Heap before GC invocations=54 (full 0):
 garbage-first heap   total 235520K, used 131885K [0x00000000c0000000, 0x0000000100000000)
  region size 1024K, 27 young (27648K), 8 survivors (8192K)
 Metaspace       used 94352K, capacity 95680K, committed 95920K, reserved 1132544K
  class space    used 11631K, capacity 11979K, committed 12032K, reserved 1048576K
}
Event: 43.294 GC heap after
{Heap after GC invocations=55 (full 0):
 garbage-first heap   total 235520K, used 120384K [0x00000000c0000000, 0x0000000100000000)
  region size 1024K, 6 young (6144K), 6 survivors (6144K)
 Metaspace       used 94352K, capacity 95680K, committed 95920K, reserved 1132544K
  class space    used 11631K, capacity 11979K, committed 12032K, reserved 1048576K
}
Event: 43.755 GC heap before
{Heap before GC invocations=56 (full 0):
 garbage-first heap   total 283648K, used 199232K [0x00000000c0000000, 0x0000000100000000)
  region size 1024K, 57 young (58368K), 6 survivors (6144K)
 Metaspace       used 94746K, capacity 96064K, committed 96304K, reserved 1134592K
  class space    used 11679K, capacity 12043K, committed 12160K, reserved 1048576K
}
Event: 43.781 GC heap after
{Heap after GC invocations=57 (full 0):
 garbage-first heap   total 283648K, used 153895K [0x00000000c0000000, 0x0000000100000000)
  region size 1024K, 8 young (8192K), 8 survivors (8192K)
 Metaspace       used 94746K, capacity 96064K, committed 96304K, reserved 1134592K
  class space    used 11679K, capacity 12043K, committed 12160K, reserved 1048576K
}
Event: 44.434 GC heap before
{Heap before GC invocations=58 (full 0):
 garbage-first heap   total 291840K, used 210215K [0x00000000c0000000, 0x0000000100000000)
  region size 1024K, 62 young (63488K), 8 survivors (8192K)
 Metaspace       used 96585K, capacity 97923K, committed 98096K, reserved 1134592K
  class space    used 12023K, capacity 12364K, committed 12416K, reserved 1048576K
}
Event: 44.470 GC heap after
{Heap after GC invocations=59 (full 0):
 garbage-first heap   total 291840K, used 176622K [0x00000000c0000000, 0x0000000100000000)
  region size 1024K, 8 young (8192K), 8 survivors (8192K)
 Metaspace       used 96585K, capacity 97923K, committed 98096K, reserved 1134592K
  class space    used 12023K, capacity 12364K, committed 12416K, reserved 1048576K
}
Event: 44.753 GC heap before
{Heap before GC invocations=59 (full 0):
 garbage-first heap   total 291840K, used 222702K [0x00000000c0000000, 0x0000000100000000)
  region size 1024K, 53 young (54272K), 8 survivors (8192K)
 Metaspace       used 96695K, capacity 98019K, committed 98096K, reserved 1134592K
  class space    used 12026K, capacity 12396K, committed 12416K, reserved 1048576K
}
Event: 44.809 GC heap after
{Heap after GC invocations=60 (full 0):
 garbage-first heap   total 291840K, used 201728K [0x00000000c0000000, 0x0000000100000000)
  region size 1024K, 7 young (7168K), 7 survivors (7168K)
 Metaspace       used 96695K, capacity 98019K, committed 98096K, reserved 1134592K
  class space    used 12026K, capacity 12396K, committed 12416K, reserved 1048576K
}
Event: 45.117 GC heap before
{Heap before GC invocations=60 (full 0):
 garbage-first heap   total 291840K, used 231424K [0x00000000c0000000, 0x0000000100000000)
  region size 1024K, 36 young (36864K), 7 survivors (7168K)
 Metaspace       used 96702K, capacity 98019K, committed 98096K, reserved 1134592K
  class space    used 12026K, capacity 12396K, committed 12416K, reserved 1048576K
}
Event: 45.156 GC heap after
{Heap after GC invocations=61 (full 0):
 garbage-first heap   total 291840K, used 218624K [0x00000000c0000000, 0x0000000100000000)
  region size 1024K, 5 young (5120K), 5 survivors (5120K)
 Metaspace       used 96702K, capacity 98019K, committed 98096K, reserved 1134592K
  class space    used 12026K, capacity 12396K, committed 12416K, reserved 1048576K
}
Event: 45.361 GC heap before
{Heap before GC invocations=61 (full 0):
 garbage-first heap   total 377856K, used 238080K [0x00000000c0000000, 0x0000000100000000)
  region size 1024K, 24 young (24576K), 5 survivors (5120K)
 Metaspace       used 96702K, capacity 98019K, committed 98096K, reserved 1134592K
  class space    used 12026K, capacity 12396K, committed 12416K, reserved 1048576K
}
Event: 45.394 GC heap after
{Heap after GC invocations=62 (full 0):
 garbage-first heap   total 377856K, used 230400K [0x00000000c0000000, 0x0000000100000000)
  region size 1024K, 3 young (3072K), 3 survivors (3072K)
 Metaspace       used 96702K, capacity 98019K, committed 98096K, reserved 1134592K
  class space    used 12026K, capacity 12396K, committed 12416K, reserved 1048576K
}

