# JRE version: Java(TM) SE Runtime Environment (15.0.2+7) (build 15.0.2+7-27)
# Java VM: Java HotSpot(TM) 64-Bit Server VM (15.0.2+7-27, mixed mode, sharing, tiered, compressed oops, g1 gc, windows-amd64)
GC Precious Log:
 CPUs: 4 total, 4 available
 Memory: 16269M
 Large Page Support: Disabled
 NUMA Support: Disabled
 Compressed Oops: Enabled (32-bit)
 Heap Region Size: 1M
 Heap Min Capacity: 8M
 Heap Initial Capacity: 256M
 Heap Max Capacity: 1G
 Pre-touch: Disabled
 Parallel Workers: 4
 Concurrent Workers: 1
 Concurrent Refinement Workers: 4
 Periodic GC: Disabled
Heap:
 garbage-first heap   total 309248K, used 195553K [0x00000000c0000000, 0x0000000100000000)
  region size 1024K, 59 young (60416K), 8 survivors (8192K)
 Metaspace       used 114640K, capacity 116742K, committed 116944K, reserved 1150976K
  class space    used 14087K, capacity 14681K, committed 14720K, reserved 1048576K
GC Heap History (20 events):
Event: 83.274 GC heap before
{Heap before GC invocations=46 (full 0):
 garbage-first heap   total 235520K, used 189227K [0x00000000c0000000, 0x0000000100000000)
  region size 1024K, 61 young (62464K), 5 survivors (5120K)
 Metaspace       used 103880K, capacity 105855K, committed 105936K, reserved 1142784K
  class space    used 13068K, capacity 13624K, committed 13696K, reserved 1048576K
}
Event: 83.290 GC heap after
{Heap after GC invocations=47 (full 0):
 garbage-first heap   total 235520K, used 140780K [0x00000000c0000000, 0x0000000100000000)
  region size 1024K, 8 young (8192K), 8 survivors (8192K)
 Metaspace       used 103880K, capacity 105855K, committed 105936K, reserved 1142784K
  class space    used 13068K, capacity 13624K, committed 13696K, reserved 1048576K
}
Event: 83.331 GC heap before
{Heap before GC invocations=47 (full 0):
 garbage-first heap   total 235520K, used 142828K [0x00000000c0000000, 0x0000000100000000)
  region size 1024K, 11 young (11264K), 8 survivors (8192K)
 Metaspace       used 103880K, capacity 105855K, committed 105936K, reserved 1142784K
  class space    used 13068K, capacity 13624K, committed 13696K, reserved 1048576K
}
Event: 83.359 GC heap after
{Heap after GC invocations=48 (full 0):
 garbage-first heap   total 235520K, used 130575K [0x00000000c0000000, 0x0000000100000000)
  region size 1024K, 2 young (2048K), 2 survivors (2048K)
 Metaspace       used 103880K, capacity 105855K, committed 105936K, reserved 1142784K
  class space    used 13068K, capacity 13624K, committed 13696K, reserved 1048576K
}
Event: 83.535 GC heap before
{Heap before GC invocations=48 (full 0):
 garbage-first heap   total 235520K, used 141839K [0x00000000c0000000, 0x0000000100000000)
  region size 1024K, 14 young (14336K), 2 survivors (2048K)
 Metaspace       used 103916K, capacity 105919K, committed 106192K, reserved 1142784K
  class space    used 13068K, capacity 13624K, committed 13696K, reserved 1048576K
}
Event: 83.540 GC heap after
{Heap after GC invocations=49 (full 0):
 garbage-first heap   total 235520K, used 132341K [0x00000000c0000000, 0x0000000100000000)
  region size 1024K, 4 young (4096K), 4 survivors (4096K)
 Metaspace       used 103916K, capacity 105919K, committed 106192K, reserved 1142784K
  class space    used 13068K, capacity 13624K, committed 13696K, reserved 1048576K
}
Event: 84.424 GC heap before
{Heap before GC invocations=50 (full 0):
 garbage-first heap   total 252928K, used 187637K [0x00000000c0000000, 0x0000000100000000)
  region size 1024K, 56 young (57344K), 4 survivors (4096K)
 Metaspace       used 104539K, capacity 106525K, committed 106704K, reserved 1142784K
  class space    used 13123K, capacity 13677K, committed 13696K, reserved 1048576K
}
Event: 84.444 GC heap after
{Heap after GC invocations=51 (full 0):
 garbage-first heap   total 252928K, used 146379K [0x00000000c0000000, 0x0000000100000000)
  region size 1024K, 8 young (8192K), 8 survivors (8192K)
 Metaspace       used 104539K, capacity 106525K, committed 106704K, reserved 1142784K
  class space    used 13123K, capacity 13677K, committed 13696K, reserved 1048576K
}
Event: 85.628 GC heap before
{Heap before GC invocations=52 (full 0):
 garbage-first heap   total 266240K, used 204747K [0x00000000c0000000, 0x0000000100000000)
  region size 1024K, 59 young (60416K), 8 survivors (8192K)
 Metaspace       used 106842K, capacity 108838K, committed 109008K, reserved 1144832K
  class space    used 13390K, capacity 13935K, committed 13952K, reserved 1048576K
}
Event: 85.649 GC heap after
{Heap after GC invocations=53 (full 0):
 garbage-first heap   total 266240K, used 156340K [0x00000000c0000000, 0x0000000100000000)
  region size 1024K, 8 young (8192K), 8 survivors (8192K)
 Metaspace       used 106842K, capacity 108838K, committed 109008K, reserved 1144832K
  class space    used 13390K, capacity 13935K, committed 13952K, reserved 1048576K
}
Event: 86.505 GC heap before
{Heap before GC invocations=54 (full 0):
 garbage-first heap   total 309248K, used 223924K [0x00000000c0000000, 0x0000000100000000)
  region size 1024K, 58 young (59392K), 8 survivors (8192K)
 Metaspace       used 110087K, capacity 112194K, committed 112464K, reserved 1146880K
  class space    used 13636K, capacity 14234K, committed 14336K, reserved 1048576K
}
Event: 86.526 GC heap after
{Heap after GC invocations=55 (full 0):
 garbage-first heap   total 309248K, used 163678K [0x00000000c0000000, 0x0000000100000000)
  region size 1024K, 7 young (7168K), 7 survivors (7168K)
 Metaspace       used 110087K, capacity 112194K, committed 112464K, reserved 1146880K
  class space    used 13636K, capacity 14234K, committed 14336K, reserved 1048576K
}
Event: 87.120 GC heap before
{Heap before GC invocations=55 (full 0):
 garbage-first heap   total 309248K, used 246622K [0x00000000c0000000, 0x0000000100000000)
  region size 1024K, 88 young (90112K), 7 survivors (7168K)
 Metaspace       used 111165K, capacity 113218K, committed 113488K, reserved 1148928K
  class space    used 13703K, capacity 14298K, committed 14336K, reserved 1048576K
}
Event: 87.125 GC heap after
{Heap after GC invocations=56 (full 0):
 garbage-first heap   total 309248K, used 161149K [0x00000000c0000000, 0x0000000100000000)
  region size 1024K, 1 young (1024K), 1 survivors (1024K)
 Metaspace       used 111165K, capacity 113218K, committed 113488K, reserved 1148928K
  class space    used 13703K, capacity 14298K, committed 14336K, reserved 1048576K
}
Event: 89.830 GC heap before
{Heap before GC invocations=57 (full 0):
 garbage-first heap   total 309248K, used 247165K [0x00000000c0000000, 0x0000000100000000)
  region size 1024K, 89 young (91136K), 1 survivors (1024K)
 Metaspace       used 113461K, capacity 115542K, committed 115792K, reserved 1150976K
  class space    used 13955K, capacity 14531K, committed 14592K, reserved 1048576K
}
Event: 89.838 GC heap after
{Heap after GC invocations=58 (full 0):
 garbage-first heap   total 309248K, used 161560K [0x00000000c0000000, 0x0000000100000000)
  region size 1024K, 5 young (5120K), 5 survivors (5120K)
 Metaspace       used 113461K, capacity 115542K, committed 115792K, reserved 1150976K
  class space    used 13955K, capacity 14531K, committed 14592K, reserved 1048576K
}
Event: 90.023 GC heap before
{Heap before GC invocations=58 (full 0):
 garbage-first heap   total 309248K, used 170776K [0x00000000c0000000, 0x0000000100000000)
  region size 1024K, 15 young (15360K), 5 survivors (5120K)
 Metaspace       used 113582K, capacity 115676K, committed 115792K, reserved 1150976K
  class space    used 13977K, capacity 14533K, committed 14592K, reserved 1048576K
}
Event: 90.043 GC heap after
{Heap after GC invocations=59 (full 0):
 garbage-first heap   total 309248K, used 140287K [0x00000000c0000000, 0x0000000100000000)
  region size 1024K, 2 young (2048K), 2 survivors (2048K)
 Metaspace       used 113582K, capacity 115676K, committed 115792K, reserved 1150976K
  class space    used 13977K, capacity 14533K, committed 14592K, reserved 1048576K
}
Event: 91.051 GC heap before
{Heap before GC invocations=59 (full 0):
 garbage-first heap   total 309248K, used 250879K [0x00000000c0000000, 0x0000000100000000)
  region size 1024K, 111 young (113664K), 2 survivors (2048K)
 Metaspace       used 114335K, capacity 116426K, committed 116688K, reserved 1150976K
  class space    used 14057K, capacity 14645K, committed 14720K, reserved 1048576K
}
Event: 91.062 GC heap after
{Heap after GC invocations=60 (full 0):
 garbage-first heap   total 309248K, used 146401K [0x00000000c0000000, 0x0000000100000000)
  region size 1024K, 8 young (8192K), 8 survivors (8192K)
 Metaspace       used 114335K, capacity 116426K, committed 116688K, reserved 1150976K
  class space    used 14057K, capacity 14645K, committed 14720K, reserved 1048576K
}

